------------------------------------------------------------------------------------------------------------------------

[2020-11-15 17:40:50 #1 store] 
Database 'D:\eclipseWorkspace\git\ProjectSI\BetAndRuin\resources\bets.temp' is opened by 10496@DESKTOP-R59AO6Q

[2020-11-15 17:40:50 #2 store] 
Configuration path: ?

[2020-11-15 17:40:50 #3 type] 
Type domain.Event is not enhanced.

[2020-11-15 17:40:50 #4 type] 
Type domain.Question is not enhanced.

[2020-11-15 17:40:50 #5 type] 
Type domain.Competition is not enhanced.

[2020-11-15 17:40:50 #6 type] 
Type domain.Prediction is not enhanced.

[2020-11-15 17:40:54 #7 type] 
Type domain.User is not enhanced.

[2020-11-15 17:40:54 #8 type] 
Type domain.CreditCard is not enhanced.

[2020-11-15 17:40:54 #9 type] 
Type domain.Bet is not enhanced.

[2020-11-15 17:40:54 #10 type] 
Type domain.Profile is not enhanced.

------------------------------------------------------------------------------------------------------------------------

[2020-11-15 17:52:16 #1 store] 
Database 'D:\eclipseWorkspace\git\ProjectSI\BetAndRuin\resources\bets.temp' is opened by 14112@DESKTOP-R59AO6Q

[2020-11-15 17:52:16 #2 store] 
Configuration path: ?

[2020-11-15 17:52:16 #3 type] 
Type domain.Event is not enhanced.

[2020-11-15 17:52:16 #4 type] 
Type domain.Question is not enhanced.

[2020-11-15 17:52:16 #5 type] 
Type domain.Competition is not enhanced.

[2020-11-15 17:52:16 #6 type] 
Type domain.Prediction is not enhanced.

[2020-11-15 17:52:20 #7 type] 
Type domain.User is not enhanced.

[2020-11-15 17:52:20 #8 type] 
Type domain.CreditCard is not enhanced.

[2020-11-15 17:52:20 #9 type] 
Type domain.Bet is not enhanced.

[2020-11-15 17:52:20 #10 type] 
Type domain.Profile is not enhanced.

------------------------------------------------------------------------------------------------------------------------

[2020-11-15 17:53:08 #1 store] 
Database 'D:\eclipseWorkspace\git\ProjectSI\BetAndRuin\resources\bets.temp' is opened by 9136@DESKTOP-R59AO6Q

[2020-11-15 17:53:08 #2 store] 
Configuration path: ?

[2020-11-15 17:53:08 #3 type] 
Type domain.Event is not enhanced.

[2020-11-15 17:53:08 #4 type] 
Type domain.Question is not enhanced.

[2020-11-15 17:53:08 #5 type] 
Type domain.Competition is not enhanced.

[2020-11-15 17:53:08 #6 type] 
Type domain.Prediction is not enhanced.

[2020-11-15 17:53:12 #7 type] 
Type domain.User is not enhanced.

[2020-11-15 17:53:12 #8 type] 
Type domain.CreditCard is not enhanced.

[2020-11-15 17:53:12 #9 type] 
Type domain.Bet is not enhanced.

[2020-11-15 17:53:12 #10 type] 
Type domain.Profile is not enhanced.

[2020-11-15 17:53:20 #11 type] 
Type domain.FeedbackRecord is not enhanced.

[2020-11-15 17:53:20 #12 type] 
Type domain.Feedback is not enhanced.

