------------------------------------------------------------------------------------------------------------------------

[2020-11-14 12:17:19 #1 store] 
Database 'D:\eclipseWorkspace\git\ProjectSI\BetAndRuin\resources\bets.temp' is opened by 1480@DESKTOP-R59AO6Q

[2020-11-14 12:17:19 #2 store] 
Configuration path: ?

[2020-11-14 12:17:20 #3 type] 
Type domain.Event is not enhanced.

[2020-11-14 12:17:20 #4 type] 
Type domain.Question is not enhanced.

[2020-11-14 12:17:20 #5 type] 
Type domain.Competition is not enhanced.

[2020-11-14 12:17:20 #6 type] 
Type domain.Prediction is not enhanced.

[2020-11-14 12:17:24 #7 type] 
Type domain.User is not enhanced.

[2020-11-14 12:17:24 #8 type] 
Type domain.CreditCard is not enhanced.

[2020-11-14 12:17:24 #9 type] 
Type domain.Bet is not enhanced.

[2020-11-14 12:17:24 #10 type] 
Type domain.Profile is not enhanced.

------------------------------------------------------------------------------------------------------------------------

[2020-11-14 12:20:47 #1 store] 
Database 'D:\eclipseWorkspace\git\ProjectSI\BetAndRuin\resources\bets.temp' is opened by 9012@DESKTOP-R59AO6Q

[2020-11-14 12:20:47 #2 store] 
Configuration path: ?

[2020-11-14 12:20:47 #3 type] 
Type domain.Event is not enhanced.

[2020-11-14 12:20:47 #4 type] 
Type domain.Question is not enhanced.

[2020-11-14 12:20:47 #5 type] 
Type domain.Competition is not enhanced.

[2020-11-14 12:20:47 #6 type] 
Type domain.Prediction is not enhanced.

[2020-11-14 12:20:51 #7 type] 
Type domain.User is not enhanced.

[2020-11-14 12:20:51 #8 type] 
Type domain.CreditCard is not enhanced.

[2020-11-14 12:20:51 #9 type] 
Type domain.Bet is not enhanced.

[2020-11-14 12:20:51 #10 type] 
Type domain.Profile is not enhanced.

------------------------------------------------------------------------------------------------------------------------

[2020-11-14 13:12:17 #1 store] 
Database 'D:\eclipseWorkspace\git\ProjectSI\BetAndRuin\resources\bets.temp' is opened by 12656@DESKTOP-R59AO6Q

[2020-11-14 13:12:17 #2 store] 
Configuration path: ?

[2020-11-14 13:12:17 #3 type] 
Type domain.Event is not enhanced.

[2020-11-14 13:12:17 #4 type] 
Type domain.Question is not enhanced.

[2020-11-14 13:12:17 #5 type] 
Type domain.Competition is not enhanced.

[2020-11-14 13:12:17 #6 type] 
Type domain.Prediction is not enhanced.

[2020-11-14 13:12:22 #7 type] 
Type domain.User is not enhanced.

[2020-11-14 13:12:22 #8 type] 
Type domain.CreditCard is not enhanced.

[2020-11-14 13:12:22 #9 type] 
Type domain.Bet is not enhanced.

[2020-11-14 13:12:22 #10 type] 
Type domain.Profile is not enhanced.

------------------------------------------------------------------------------------------------------------------------

[2020-11-14 13:14:30 #1 store] 
Database 'D:\eclipseWorkspace\git\ProjectSI\BetAndRuin\resources\bets.temp' is opened by 3248@DESKTOP-R59AO6Q

[2020-11-14 13:14:30 #2 store] 
Configuration path: ?

[2020-11-14 13:14:30 #3 type] 
Type domain.Event is not enhanced.

[2020-11-14 13:14:30 #4 type] 
Type domain.Question is not enhanced.

[2020-11-14 13:14:30 #5 type] 
Type domain.Competition is not enhanced.

[2020-11-14 13:14:30 #6 type] 
Type domain.Prediction is not enhanced.

[2020-11-14 13:14:35 #7 type] 
Type domain.User is not enhanced.

[2020-11-14 13:14:35 #8 type] 
Type domain.CreditCard is not enhanced.

[2020-11-14 13:14:35 #9 type] 
Type domain.Bet is not enhanced.

[2020-11-14 13:14:35 #10 type] 
Type domain.Profile is not enhanced.

------------------------------------------------------------------------------------------------------------------------

[2020-11-14 18:24:45 #1 store] 
Database 'D:\eclipseWorkspace\git\ProjectSI\BetAndRuin\resources\bets.temp' is opened by 4620@DESKTOP-R59AO6Q

[2020-11-14 18:24:45 #2 store] 
Configuration path: ?

[2020-11-14 18:24:45 #3 type] 
Type domain.Event is not enhanced.

[2020-11-14 18:24:45 #4 type] 
Type domain.Question is not enhanced.

[2020-11-14 18:24:45 #5 type] 
Type domain.Competition is not enhanced.

[2020-11-14 18:24:45 #6 type] 
Type domain.Prediction is not enhanced.

[2020-11-14 18:24:49 #7 type] 
Type domain.User is not enhanced.

[2020-11-14 18:24:49 #8 type] 
Type domain.CreditCard is not enhanced.

[2020-11-14 18:24:49 #9 type] 
Type domain.Bet is not enhanced.

[2020-11-14 18:24:49 #10 type] 
Type domain.Profile is not enhanced.

[2020-11-14 18:24:55 #11 type] 
Type domain.FeedbackRecord is not enhanced.

[2020-11-14 18:24:55 #12 type] 
Type domain.Feedback is not enhanced.

------------------------------------------------------------------------------------------------------------------------

[2020-11-14 18:47:40 #1 store] 
Database 'D:\eclipseWorkspace\git\ProjectSI\BetAndRuin\resources\bets.temp' is opened by 15576@DESKTOP-R59AO6Q

[2020-11-14 18:47:40 #2 store] 
Configuration path: ?

[2020-11-14 18:47:40 #3 type] 
Type domain.Event is not enhanced.

[2020-11-14 18:47:40 #4 type] 
Type domain.Question is not enhanced.

[2020-11-14 18:47:40 #5 type] 
Type domain.Competition is not enhanced.

[2020-11-14 18:47:40 #6 type] 
Type domain.Prediction is not enhanced.

[2020-11-14 18:47:44 #7 type] 
Type domain.User is not enhanced.

[2020-11-14 18:47:44 #8 type] 
Type domain.CreditCard is not enhanced.

[2020-11-14 18:47:44 #9 type] 
Type domain.Bet is not enhanced.

[2020-11-14 18:47:44 #10 type] 
Type domain.Profile is not enhanced.

------------------------------------------------------------------------------------------------------------------------

[2020-11-14 18:48:20 #1 store] 
Database 'D:\eclipseWorkspace\git\ProjectSI\BetAndRuin\resources\bets.temp' is opened by 6692@DESKTOP-R59AO6Q

[2020-11-14 18:48:20 #2 store] 
Configuration path: ?

[2020-11-14 18:48:20 #3 type] 
Type domain.Event is not enhanced.

[2020-11-14 18:48:20 #4 type] 
Type domain.Question is not enhanced.

[2020-11-14 18:48:20 #5 type] 
Type domain.Competition is not enhanced.

[2020-11-14 18:48:21 #6 type] 
Type domain.Prediction is not enhanced.

[2020-11-14 18:48:25 #7 type] 
Type domain.User is not enhanced.

[2020-11-14 18:48:25 #8 type] 
Type domain.CreditCard is not enhanced.

[2020-11-14 18:48:25 #9 type] 
Type domain.Bet is not enhanced.

[2020-11-14 18:48:25 #10 type] 
Type domain.Profile is not enhanced.

------------------------------------------------------------------------------------------------------------------------

[2020-11-14 18:48:42 #1 store] 
Database 'D:\eclipseWorkspace\git\ProjectSI\BetAndRuin\resources\bets.temp' is opened by 13120@DESKTOP-R59AO6Q

[2020-11-14 18:48:42 #2 store] 
Configuration path: ?

[2020-11-14 18:48:42 #3 type] 
Type domain.Event is not enhanced.

[2020-11-14 18:48:42 #4 type] 
Type domain.Question is not enhanced.

[2020-11-14 18:48:42 #5 type] 
Type domain.Competition is not enhanced.

[2020-11-14 18:48:42 #6 type] 
Type domain.Prediction is not enhanced.

[2020-11-14 18:48:46 #7 type] 
Type domain.User is not enhanced.

[2020-11-14 18:48:46 #8 type] 
Type domain.CreditCard is not enhanced.

[2020-11-14 18:48:46 #9 type] 
Type domain.Bet is not enhanced.

[2020-11-14 18:48:46 #10 type] 
Type domain.Profile is not enhanced.

------------------------------------------------------------------------------------------------------------------------

[2020-11-14 18:49:03 #1 store] 
Database 'D:\eclipseWorkspace\git\ProjectSI\BetAndRuin\resources\bets.temp' is opened by 3764@DESKTOP-R59AO6Q

[2020-11-14 18:49:03 #2 store] 
Configuration path: ?

[2020-11-14 18:49:03 #3 type] 
Type domain.Event is not enhanced.

[2020-11-14 18:49:03 #4 type] 
Type domain.Question is not enhanced.

[2020-11-14 18:49:03 #5 type] 
Type domain.Competition is not enhanced.

[2020-11-14 18:49:03 #6 type] 
Type domain.Prediction is not enhanced.

[2020-11-14 18:49:07 #7 type] 
Type domain.User is not enhanced.

[2020-11-14 18:49:07 #8 type] 
Type domain.CreditCard is not enhanced.

[2020-11-14 18:49:07 #9 type] 
Type domain.Bet is not enhanced.

[2020-11-14 18:49:07 #10 type] 
Type domain.Profile is not enhanced.

------------------------------------------------------------------------------------------------------------------------

[2020-11-14 18:49:29 #1 store] 
Database 'D:\eclipseWorkspace\git\ProjectSI\BetAndRuin\resources\bets.temp' is opened by 5408@DESKTOP-R59AO6Q

[2020-11-14 18:49:29 #2 store] 
Configuration path: ?

[2020-11-14 18:49:29 #3 type] 
Type domain.Event is not enhanced.

[2020-11-14 18:49:29 #4 type] 
Type domain.Question is not enhanced.

[2020-11-14 18:49:29 #5 type] 
Type domain.Competition is not enhanced.

[2020-11-14 18:49:29 #6 type] 
Type domain.Prediction is not enhanced.

[2020-11-14 18:49:34 #7 type] 
Type domain.User is not enhanced.

[2020-11-14 18:49:34 #8 type] 
Type domain.CreditCard is not enhanced.

[2020-11-14 18:49:34 #9 type] 
Type domain.Bet is not enhanced.

[2020-11-14 18:49:34 #10 type] 
Type domain.Profile is not enhanced.

------------------------------------------------------------------------------------------------------------------------

[2020-11-14 18:49:53 #1 store] 
Database 'D:\eclipseWorkspace\git\ProjectSI\BetAndRuin\resources\bets.temp' is opened by 12848@DESKTOP-R59AO6Q

[2020-11-14 18:49:53 #2 store] 
Configuration path: ?

[2020-11-14 18:49:53 #3 type] 
Type domain.Event is not enhanced.

[2020-11-14 18:49:53 #4 type] 
Type domain.Question is not enhanced.

[2020-11-14 18:49:53 #5 type] 
Type domain.Competition is not enhanced.

[2020-11-14 18:49:53 #6 type] 
Type domain.Prediction is not enhanced.

[2020-11-14 18:49:57 #7 type] 
Type domain.User is not enhanced.

[2020-11-14 18:49:57 #8 type] 
Type domain.CreditCard is not enhanced.

[2020-11-14 18:49:57 #9 type] 
Type domain.Bet is not enhanced.

[2020-11-14 18:49:57 #10 type] 
Type domain.Profile is not enhanced.

------------------------------------------------------------------------------------------------------------------------

[2020-11-14 18:50:37 #1 store] 
Database 'D:\eclipseWorkspace\git\ProjectSI\BetAndRuin\resources\bets.temp' is opened by 9140@DESKTOP-R59AO6Q

[2020-11-14 18:50:37 #2 store] 
Configuration path: ?

[2020-11-14 18:50:37 #3 type] 
Type domain.Event is not enhanced.

[2020-11-14 18:50:37 #4 type] 
Type domain.Question is not enhanced.

[2020-11-14 18:50:37 #5 type] 
Type domain.Competition is not enhanced.

[2020-11-14 18:50:37 #6 type] 
Type domain.Prediction is not enhanced.

[2020-11-14 18:50:42 #7 type] 
Type domain.User is not enhanced.

[2020-11-14 18:50:42 #8 type] 
Type domain.CreditCard is not enhanced.

[2020-11-14 18:50:42 #9 type] 
Type domain.Bet is not enhanced.

[2020-11-14 18:50:42 #10 type] 
Type domain.Profile is not enhanced.

------------------------------------------------------------------------------------------------------------------------

[2020-11-14 18:51:03 #1 store] 
Database 'D:\eclipseWorkspace\git\ProjectSI\BetAndRuin\resources\bets.temp' is opened by 15640@DESKTOP-R59AO6Q

[2020-11-14 18:51:03 #2 store] 
Configuration path: ?

[2020-11-14 18:51:03 #3 type] 
Type domain.Event is not enhanced.

[2020-11-14 18:51:03 #4 type] 
Type domain.Question is not enhanced.

[2020-11-14 18:51:03 #5 type] 
Type domain.Competition is not enhanced.

[2020-11-14 18:51:03 #6 type] 
Type domain.Prediction is not enhanced.

[2020-11-14 18:51:07 #7 type] 
Type domain.User is not enhanced.

[2020-11-14 18:51:07 #8 type] 
Type domain.CreditCard is not enhanced.

[2020-11-14 18:51:07 #9 type] 
Type domain.Bet is not enhanced.

[2020-11-14 18:51:07 #10 type] 
Type domain.Profile is not enhanced.

------------------------------------------------------------------------------------------------------------------------

[2020-11-14 18:51:28 #1 store] 
Database 'D:\eclipseWorkspace\git\ProjectSI\BetAndRuin\resources\bets.temp' is opened by 11944@DESKTOP-R59AO6Q

[2020-11-14 18:51:28 #2 store] 
Configuration path: ?

[2020-11-14 18:51:28 #3 type] 
Type domain.Event is not enhanced.

[2020-11-14 18:51:28 #4 type] 
Type domain.Question is not enhanced.

[2020-11-14 18:51:28 #5 type] 
Type domain.Competition is not enhanced.

[2020-11-14 18:51:28 #6 type] 
Type domain.Prediction is not enhanced.

[2020-11-14 18:51:32 #7 type] 
Type domain.User is not enhanced.

[2020-11-14 18:51:32 #8 type] 
Type domain.CreditCard is not enhanced.

[2020-11-14 18:51:32 #9 type] 
Type domain.Bet is not enhanced.

[2020-11-14 18:51:32 #10 type] 
Type domain.Profile is not enhanced.

------------------------------------------------------------------------------------------------------------------------

[2020-11-14 18:54:18 #1 store] 
Database 'D:\eclipseWorkspace\git\ProjectSI\BetAndRuin\resources\bets.temp' is opened by 8400@DESKTOP-R59AO6Q

[2020-11-14 18:54:18 #2 store] 
Configuration path: ?

[2020-11-14 18:54:18 #3 type] 
Type domain.Event is not enhanced.

[2020-11-14 18:54:18 #4 type] 
Type domain.Question is not enhanced.

[2020-11-14 18:54:18 #5 type] 
Type domain.Competition is not enhanced.

[2020-11-14 18:54:18 #6 type] 
Type domain.Prediction is not enhanced.

[2020-11-14 18:54:22 #7 type] 
Type domain.User is not enhanced.

[2020-11-14 18:54:22 #8 type] 
Type domain.CreditCard is not enhanced.

[2020-11-14 18:54:22 #9 type] 
Type domain.Bet is not enhanced.

[2020-11-14 18:54:22 #10 type] 
Type domain.Profile is not enhanced.

------------------------------------------------------------------------------------------------------------------------

[2020-11-14 18:55:01 #1 store] 
Database 'D:\eclipseWorkspace\git\ProjectSI\BetAndRuin\resources\bets.temp' is opened by 1028@DESKTOP-R59AO6Q

[2020-11-14 18:55:01 #2 store] 
Configuration path: ?

[2020-11-14 18:55:02 #3 type] 
Type domain.Event is not enhanced.

[2020-11-14 18:55:02 #4 type] 
Type domain.Question is not enhanced.

[2020-11-14 18:55:02 #5 type] 
Type domain.Competition is not enhanced.

[2020-11-14 18:55:02 #6 type] 
Type domain.Prediction is not enhanced.

[2020-11-14 18:55:06 #7 type] 
Type domain.User is not enhanced.

[2020-11-14 18:55:06 #8 type] 
Type domain.CreditCard is not enhanced.

[2020-11-14 18:55:06 #9 type] 
Type domain.Bet is not enhanced.

[2020-11-14 18:55:06 #10 type] 
Type domain.Profile is not enhanced.

------------------------------------------------------------------------------------------------------------------------

[2020-11-14 18:58:24 #1 store] 
Database 'D:\eclipseWorkspace\git\ProjectSI\BetAndRuin\resources\bets.temp' is opened by 14172@DESKTOP-R59AO6Q

[2020-11-14 18:58:24 #2 store] 
Configuration path: ?

[2020-11-14 18:58:24 #3 type] 
Type domain.Event is not enhanced.

[2020-11-14 18:58:24 #4 type] 
Type domain.Question is not enhanced.

[2020-11-14 18:58:24 #5 type] 
Type domain.Competition is not enhanced.

[2020-11-14 18:58:24 #6 type] 
Type domain.Prediction is not enhanced.

[2020-11-14 18:58:28 #7 type] 
Type domain.User is not enhanced.

[2020-11-14 18:58:28 #8 type] 
Type domain.CreditCard is not enhanced.

[2020-11-14 18:58:28 #9 type] 
Type domain.Bet is not enhanced.

[2020-11-14 18:58:28 #10 type] 
Type domain.Profile is not enhanced.

------------------------------------------------------------------------------------------------------------------------

[2020-11-14 19:16:01 #1 store] 
Database 'D:\eclipseWorkspace\git\ProjectSI\BetAndRuin\resources\bets.temp' is opened by 6164@DESKTOP-R59AO6Q

[2020-11-14 19:16:01 #2 store] 
Configuration path: ?

[2020-11-14 19:16:01 #3 type] 
Type domain.Event is not enhanced.

[2020-11-14 19:16:01 #4 type] 
Type domain.Question is not enhanced.

[2020-11-14 19:16:01 #5 type] 
Type domain.Competition is not enhanced.

[2020-11-14 19:16:01 #6 type] 
Type domain.Prediction is not enhanced.

[2020-11-14 19:16:05 #7 type] 
Type domain.User is not enhanced.

[2020-11-14 19:16:05 #8 type] 
Type domain.CreditCard is not enhanced.

[2020-11-14 19:16:05 #9 type] 
Type domain.Bet is not enhanced.

[2020-11-14 19:16:05 #10 type] 
Type domain.Profile is not enhanced.

------------------------------------------------------------------------------------------------------------------------

[2020-11-14 19:34:08 #1 store] 
Database 'D:\eclipseWorkspace\git\ProjectSI\BetAndRuin\resources\bets.temp' is opened by 6852@DESKTOP-R59AO6Q

[2020-11-14 19:34:08 #2 store] 
Configuration path: ?

[2020-11-14 19:34:08 #3 type] 
Type domain.Event is not enhanced.

[2020-11-14 19:34:08 #4 type] 
Type domain.Question is not enhanced.

[2020-11-14 19:34:08 #5 type] 
Type domain.Competition is not enhanced.

[2020-11-14 19:34:08 #6 type] 
Type domain.Prediction is not enhanced.

[2020-11-14 19:34:12 #7 type] 
Type domain.User is not enhanced.

[2020-11-14 19:34:12 #8 type] 
Type domain.CreditCard is not enhanced.

[2020-11-14 19:34:12 #9 type] 
Type domain.Bet is not enhanced.

[2020-11-14 19:34:12 #10 type] 
Type domain.Profile is not enhanced.

------------------------------------------------------------------------------------------------------------------------

[2020-11-14 19:46:11 #1 store] 
Database 'D:\eclipseWorkspace\git\ProjectSI\BetAndRuin\resources\bets.temp' is opened by 12540@DESKTOP-R59AO6Q

[2020-11-14 19:46:11 #2 store] 
Configuration path: ?

[2020-11-14 19:46:11 #3 type] 
Type domain.Event is not enhanced.

[2020-11-14 19:46:11 #4 type] 
Type domain.Question is not enhanced.

[2020-11-14 19:46:11 #5 type] 
Type domain.Competition is not enhanced.

[2020-11-14 19:46:11 #6 type] 
Type domain.Prediction is not enhanced.

[2020-11-14 19:46:15 #7 type] 
Type domain.User is not enhanced.

[2020-11-14 19:46:15 #8 type] 
Type domain.CreditCard is not enhanced.

[2020-11-14 19:46:15 #9 type] 
Type domain.Bet is not enhanced.

[2020-11-14 19:46:15 #10 type] 
Type domain.Profile is not enhanced.

------------------------------------------------------------------------------------------------------------------------

[2020-11-14 19:46:26 #1 store] 
Database 'D:\eclipseWorkspace\git\ProjectSI\BetAndRuin\resources\bets.temp' is opened by 12476@DESKTOP-R59AO6Q

[2020-11-14 19:46:26 #2 store] 
Configuration path: ?

[2020-11-14 19:46:26 #3 type] 
Type domain.Event is not enhanced.

[2020-11-14 19:46:26 #4 type] 
Type domain.Question is not enhanced.

[2020-11-14 19:46:26 #5 type] 
Type domain.Competition is not enhanced.

[2020-11-14 19:46:26 #6 type] 
Type domain.Prediction is not enhanced.

[2020-11-14 19:46:30 #7 type] 
Type domain.User is not enhanced.

[2020-11-14 19:46:30 #8 type] 
Type domain.CreditCard is not enhanced.

[2020-11-14 19:46:30 #9 type] 
Type domain.Bet is not enhanced.

[2020-11-14 19:46:30 #10 type] 
Type domain.Profile is not enhanced.

[2020-11-14 19:46:37 #11 type] 
Type domain.FeedbackRecord is not enhanced.

[2020-11-14 19:46:37 #12 type] 
Type domain.Feedback is not enhanced.

